<?xml version="1.0" encoding="UTF-8"?>
<!-- Generated by org.testng.reporters.JUnitReportReporter -->
<testsuite hostname="DESKTOP-ORVEKOM" failures="0" tests="8" name="MyTest" time="13.123" errors="0" timestamp="2025-05-06T15:04:53 GMT+03:00" skipped="0">
  <testcase classname="MyTest" name="LoginTest" time="1.590"/>
  <system-out/>
  <testcase classname="MyTest" name="OneItem" time="2.311"/>
  <system-out/>
  <testcase classname="MyTest" name="ProductSort" time="0.288"/>
  <system-out/>
  <testcase classname="MyTest" name="AddAllItemToTheCart" time="0.695"/>
  <system-out/>
  <testcase classname="MyTest" name="PrintAllItemsInfo" time="0.529"/>
  <system-out/>
  <testcase classname="MyTest" name="AddRandomItemToCartTest" time="0.140"/>
  <system-out/>
  <testcase classname="MyTest" name="CheckoutFlowTest" time="6.223"/>
  <system-out/>
  <testcase classname="MyTest" name="LogoutTest" time="1.347"/>
  <system-out/>
</testsuite> <!-- MyTest -->
